2024-11-22 13:43:14,228 DEBUG auth start, request: GET /nacos/v1/cs/configs

2024-11-22 13:43:14,233 DEBUG access denied, request: GET /nacos/v1/cs/configs, reason: user not found!

2024-11-22 13:43:21,696 DEBUG auth start, request: GET /nacos/v1/cs/configs

2024-11-22 13:43:21,697 DEBUG auth permission: Permission{resource='Resource{namespaceId='', group='', name='', type='config', properties={action=r}}', action='r'}, nacosUser: NacosUser{token='eyJhbGciOiJIUzUxMiJ9.eyJzdWIiOiJuYWNvcyIsImV4cCI6MTczMjI3MjIwMX0.JlPNV4zYn92AH9sfKJPxltw6Ch3B42CUW1gprde9cgOQkzmTz50fagxd3vpJp32HV4p-GYIGMe2Xqv5oNaP25Q', globalAdmin=false}

2024-11-22 13:43:27,384 DEBUG auth start, request: GET /nacos/v1/core/cluster/nodes

2024-11-22 13:43:27,386 DEBUG auth permission: Permission{resource='Resource{namespaceId='null', group='null', name='/v1/core/cluster', type='specified', properties=null}', action='r'}, nacosUser: NacosUser{token='eyJhbGciOiJIUzUxMiJ9.eyJzdWIiOiJuYWNvcyIsImV4cCI6MTczMjI3MjIwMX0.JlPNV4zYn92AH9sfKJPxltw6Ch3B42CUW1gprde9cgOQkzmTz50fagxd3vpJp32HV4p-GYIGMe2Xqv5oNaP25Q', globalAdmin=false}

2024-11-22 13:43:30,088 DEBUG auth start, request: GET /nacos/v1/auth/users

2024-11-22 13:43:30,089 DEBUG auth permission: Permission{resource='Resource{namespaceId='null', group='null', name='console/users', type='specified', properties=null}', action='r'}, nacosUser: NacosUser{token='eyJhbGciOiJIUzUxMiJ9.eyJzdWIiOiJuYWNvcyIsImV4cCI6MTczMjI3MjIwMX0.JlPNV4zYn92AH9sfKJPxltw6Ch3B42CUW1gprde9cgOQkzmTz50fagxd3vpJp32HV4p-GYIGMe2Xqv5oNaP25Q', globalAdmin=false}

2024-11-22 13:43:30,508 DEBUG auth start, request: GET /nacos/v1/auth/roles

2024-11-22 13:43:30,511 DEBUG auth permission: Permission{resource='Resource{namespaceId='null', group='null', name='console/roles', type='specified', properties=null}', action='r'}, nacosUser: NacosUser{token='eyJhbGciOiJIUzUxMiJ9.eyJzdWIiOiJuYWNvcyIsImV4cCI6MTczMjI3MjIwMX0.JlPNV4zYn92AH9sfKJPxltw6Ch3B42CUW1gprde9cgOQkzmTz50fagxd3vpJp32HV4p-GYIGMe2Xqv5oNaP25Q', globalAdmin=false}

2024-11-22 13:43:31,308 DEBUG auth start, request: GET /nacos/v1/auth/users

2024-11-22 13:43:31,309 DEBUG auth permission: Permission{resource='Resource{namespaceId='null', group='null', name='console/users', type='specified', properties=null}', action='r'}, nacosUser: NacosUser{token='eyJhbGciOiJIUzUxMiJ9.eyJzdWIiOiJuYWNvcyIsImV4cCI6MTczMjI3MjIwMX0.JlPNV4zYn92AH9sfKJPxltw6Ch3B42CUW1gprde9cgOQkzmTz50fagxd3vpJp32HV4p-GYIGMe2Xqv5oNaP25Q', globalAdmin=false}

2024-11-22 13:43:33,897 DEBUG auth start, request: GET /nacos/v1/auth/permissions

2024-11-22 13:43:33,899 DEBUG auth permission: Permission{resource='Resource{namespaceId='null', group='null', name='console/permissions', type='specified', properties=null}', action='r'}, nacosUser: NacosUser{token='eyJhbGciOiJIUzUxMiJ9.eyJzdWIiOiJuYWNvcyIsImV4cCI6MTczMjI3MjIwMX0.JlPNV4zYn92AH9sfKJPxltw6Ch3B42CUW1gprde9cgOQkzmTz50fagxd3vpJp32HV4p-GYIGMe2Xqv5oNaP25Q', globalAdmin=false}

2024-11-22 13:43:34,257 DEBUG auth start, request: GET /nacos/v1/auth/roles

2024-11-22 13:43:34,259 DEBUG auth permission: Permission{resource='Resource{namespaceId='null', group='null', name='console/roles', type='specified', properties=null}', action='r'}, nacosUser: NacosUser{token='eyJhbGciOiJIUzUxMiJ9.eyJzdWIiOiJuYWNvcyIsImV4cCI6MTczMjI3MjIwMX0.JlPNV4zYn92AH9sfKJPxltw6Ch3B42CUW1gprde9cgOQkzmTz50fagxd3vpJp32HV4p-GYIGMe2Xqv5oNaP25Q', globalAdmin=false}

2024-11-22 13:43:34,772 DEBUG auth start, request: GET /nacos/v1/auth/users

2024-11-22 13:43:34,774 DEBUG auth permission: Permission{resource='Resource{namespaceId='null', group='null', name='console/users', type='specified', properties=null}', action='r'}, nacosUser: NacosUser{token='eyJhbGciOiJIUzUxMiJ9.eyJzdWIiOiJuYWNvcyIsImV4cCI6MTczMjI3MjIwMX0.JlPNV4zYn92AH9sfKJPxltw6Ch3B42CUW1gprde9cgOQkzmTz50fagxd3vpJp32HV4p-GYIGMe2Xqv5oNaP25Q', globalAdmin=false}

2024-11-22 13:43:36,106 DEBUG auth start, request: GET /nacos/v1/ns/catalog/services

2024-11-22 13:43:36,110 DEBUG auth permission: Permission{resource='Resource{namespaceId='', group='', name='', type='naming', properties={action=r}}', action='r'}, nacosUser: NacosUser{token='eyJhbGciOiJIUzUxMiJ9.eyJzdWIiOiJuYWNvcyIsImV4cCI6MTczMjI3MjIwMX0.JlPNV4zYn92AH9sfKJPxltw6Ch3B42CUW1gprde9cgOQkzmTz50fagxd3vpJp32HV4p-GYIGMe2Xqv5oNaP25Q', globalAdmin=false}

2024-11-22 13:43:37,857 DEBUG auth start, request: GET /nacos/v1/cs/configs

2024-11-22 13:43:37,858 DEBUG auth permission: Permission{resource='Resource{namespaceId='', group='', name='', type='config', properties={action=r}}', action='r'}, nacosUser: NacosUser{token='eyJhbGciOiJIUzUxMiJ9.eyJzdWIiOiJuYWNvcyIsImV4cCI6MTczMjI3MjIwMX0.JlPNV4zYn92AH9sfKJPxltw6Ch3B42CUW1gprde9cgOQkzmTz50fagxd3vpJp32HV4p-GYIGMe2Xqv5oNaP25Q', globalAdmin=false}

2024-11-22 13:43:38,216 DEBUG auth start, request: GET /nacos/v1/cs/history/configs

2024-11-22 13:43:38,217 DEBUG auth permission: Permission{resource='Resource{namespaceId='', group='', name='', type='config', properties={action=r}}', action='r'}, nacosUser: NacosUser{token='eyJhbGciOiJIUzUxMiJ9.eyJzdWIiOiJuYWNvcyIsImV4cCI6MTczMjI3MjIwMX0.JlPNV4zYn92AH9sfKJPxltw6Ch3B42CUW1gprde9cgOQkzmTz50fagxd3vpJp32HV4p-GYIGMe2Xqv5oNaP25Q', globalAdmin=false}

2024-11-22 13:43:39,300 DEBUG auth start, request: GET /nacos/v1/cs/history/configs

2024-11-22 13:43:39,301 DEBUG auth permission: Permission{resource='Resource{namespaceId='', group='', name='', type='config', properties={action=r}}', action='r'}, nacosUser: NacosUser{token='eyJhbGciOiJIUzUxMiJ9.eyJzdWIiOiJuYWNvcyIsImV4cCI6MTczMjI3MjIwMX0.JlPNV4zYn92AH9sfKJPxltw6Ch3B42CUW1gprde9cgOQkzmTz50fagxd3vpJp32HV4p-GYIGMe2Xqv5oNaP25Q', globalAdmin=false}

2024-11-22 13:43:39,611 DEBUG auth start, request: GET /nacos/v1/cs/configs

2024-11-22 13:43:39,612 DEBUG auth permission: Permission{resource='Resource{namespaceId='', group='', name='', type='config', properties={action=r}}', action='r'}, nacosUser: NacosUser{token='eyJhbGciOiJIUzUxMiJ9.eyJzdWIiOiJuYWNvcyIsImV4cCI6MTczMjI3MjIwMX0.JlPNV4zYn92AH9sfKJPxltw6Ch3B42CUW1gprde9cgOQkzmTz50fagxd3vpJp32HV4p-GYIGMe2Xqv5oNaP25Q', globalAdmin=false}

2024-11-22 13:52:18,235 DEBUG auth start, request: GET /nacos/v1/cs/configs

2024-11-22 13:52:18,238 DEBUG auth permission: Permission{resource='Resource{namespaceId='', group='', name='', type='config', properties={action=r}}', action='r'}, nacosUser: NacosUser{token='eyJhbGciOiJIUzUxMiJ9.eyJzdWIiOiJuYWNvcyIsImV4cCI6MTczMjI3MjczOH0.jKb3o0Swb1whAh938cPFBwGkUeM18klUocgTMRrUDQAMZuiJbwEvvFXegZR5RAv6HxtqK4vXJhCJWZlLfpxSuA', globalAdmin=false}

