2024-11-22 13:32:16,025 INFO PERFORMANCE:|serviceCount|ipCount|subscribeCount|maxPushCost|avgPushCost|totalPushCount|failPushCount

2024-11-22 13:32:16,026 INFO DISTRO:|V1SyncDone|V1SyncFail|V2SyncDone|V2SyncFail|V2VerifyFail|

2024-11-22 13:32:16,026 INFO PERFORMANCE:|0|0|0|-1|-1|0|0

2024-11-22 13:32:16,034 INFO Task worker status: 
naming_0%16, pending tasks: 0
naming_1%16, pending tasks: 0
naming_2%16, pending tasks: 0
naming_3%16, pending tasks: 0
naming_4%16, pending tasks: 0
naming_5%16, pending tasks: 0
naming_6%16, pending tasks: 0
naming_7%16, pending tasks: 0
naming_8%16, pending tasks: 0
naming_9%16, pending tasks: 0
naming_10%16, pending tasks: 0
naming_11%16, pending tasks: 0
naming_12%16, pending tasks: 0
naming_13%16, pending tasks: 0
naming_14%16, pending tasks: 0
naming_15%16, pending tasks: 0


2024-11-22 13:32:16,036 INFO DISTRO:|0|0|0|

2024-11-22 13:33:16,040 INFO PERFORMANCE:|0|0|0|-1|-1|0|0

2024-11-22 13:33:16,041 INFO Task worker status: 
naming_0%16, pending tasks: 0
naming_1%16, pending tasks: 0
naming_2%16, pending tasks: 0
naming_3%16, pending tasks: 0
naming_4%16, pending tasks: 0
naming_5%16, pending tasks: 0
naming_6%16, pending tasks: 0
naming_7%16, pending tasks: 0
naming_8%16, pending tasks: 0
naming_9%16, pending tasks: 0
naming_10%16, pending tasks: 0
naming_11%16, pending tasks: 0
naming_12%16, pending tasks: 0
naming_13%16, pending tasks: 0
naming_14%16, pending tasks: 0
naming_15%16, pending tasks: 0


2024-11-22 13:33:16,041 INFO DISTRO:|0|0|0|

2024-11-22 13:34:30,970 INFO PERFORMANCE:|serviceCount|ipCount|subscribeCount|maxPushCost|avgPushCost|totalPushCount|failPushCount

2024-11-22 13:34:30,970 INFO DISTRO:|V1SyncDone|V1SyncFail|V2SyncDone|V2SyncFail|V2VerifyFail|

2024-11-22 13:34:30,971 INFO PERFORMANCE:|0|0|0|-1|-1|0|0

2024-11-22 13:34:30,977 INFO Task worker status: 
naming_0%16, pending tasks: 0
naming_1%16, pending tasks: 0
naming_2%16, pending tasks: 0
naming_3%16, pending tasks: 0
naming_4%16, pending tasks: 0
naming_5%16, pending tasks: 0
naming_6%16, pending tasks: 0
naming_7%16, pending tasks: 0
naming_8%16, pending tasks: 0
naming_9%16, pending tasks: 0
naming_10%16, pending tasks: 0
naming_11%16, pending tasks: 0
naming_12%16, pending tasks: 0
naming_13%16, pending tasks: 0
naming_14%16, pending tasks: 0
naming_15%16, pending tasks: 0


2024-11-22 13:34:30,979 INFO DISTRO:|0|0|0|

2024-11-22 13:35:30,982 INFO PERFORMANCE:|0|0|0|-1|-1|0|0

2024-11-22 13:35:30,983 INFO Task worker status: 
naming_0%16, pending tasks: 0
naming_1%16, pending tasks: 0
naming_2%16, pending tasks: 0
naming_3%16, pending tasks: 0
naming_4%16, pending tasks: 0
naming_5%16, pending tasks: 0
naming_6%16, pending tasks: 0
naming_7%16, pending tasks: 0
naming_8%16, pending tasks: 0
naming_9%16, pending tasks: 0
naming_10%16, pending tasks: 0
naming_11%16, pending tasks: 0
naming_12%16, pending tasks: 0
naming_13%16, pending tasks: 0
naming_14%16, pending tasks: 0
naming_15%16, pending tasks: 0


2024-11-22 13:35:30,983 INFO DISTRO:|0|0|0|

2024-11-22 13:36:30,989 INFO PERFORMANCE:|0|0|0|-1|-1|0|0

2024-11-22 13:36:30,989 INFO Task worker status: 
naming_0%16, pending tasks: 0
naming_1%16, pending tasks: 0
naming_2%16, pending tasks: 0
naming_3%16, pending tasks: 0
naming_4%16, pending tasks: 0
naming_5%16, pending tasks: 0
naming_6%16, pending tasks: 0
naming_7%16, pending tasks: 0
naming_8%16, pending tasks: 0
naming_9%16, pending tasks: 0
naming_10%16, pending tasks: 0
naming_11%16, pending tasks: 0
naming_12%16, pending tasks: 0
naming_13%16, pending tasks: 0
naming_14%16, pending tasks: 0
naming_15%16, pending tasks: 0


2024-11-22 13:36:30,990 INFO DISTRO:|0|0|0|

2024-11-22 13:37:30,993 INFO PERFORMANCE:|0|0|0|-1|-1|0|0

2024-11-22 13:37:30,994 INFO Task worker status: 
naming_0%16, pending tasks: 0
naming_1%16, pending tasks: 0
naming_2%16, pending tasks: 0
naming_3%16, pending tasks: 0
naming_4%16, pending tasks: 0
naming_5%16, pending tasks: 0
naming_6%16, pending tasks: 0
naming_7%16, pending tasks: 0
naming_8%16, pending tasks: 0
naming_9%16, pending tasks: 0
naming_10%16, pending tasks: 0
naming_11%16, pending tasks: 0
naming_12%16, pending tasks: 0
naming_13%16, pending tasks: 0
naming_14%16, pending tasks: 0
naming_15%16, pending tasks: 0


2024-11-22 13:37:30,994 INFO DISTRO:|0|0|0|

2024-11-22 13:38:30,995 INFO PERFORMANCE:|0|0|0|-1|-1|0|0

2024-11-22 13:38:30,995 INFO Task worker status: 
naming_0%16, pending tasks: 0
naming_1%16, pending tasks: 0
naming_2%16, pending tasks: 0
naming_3%16, pending tasks: 0
naming_4%16, pending tasks: 0
naming_5%16, pending tasks: 0
naming_6%16, pending tasks: 0
naming_7%16, pending tasks: 0
naming_8%16, pending tasks: 0
naming_9%16, pending tasks: 0
naming_10%16, pending tasks: 0
naming_11%16, pending tasks: 0
naming_12%16, pending tasks: 0
naming_13%16, pending tasks: 0
naming_14%16, pending tasks: 0
naming_15%16, pending tasks: 0


2024-11-22 13:38:30,995 INFO DISTRO:|0|0|0|

2024-11-22 13:39:30,997 INFO PERFORMANCE:|0|0|0|-1|-1|0|0

2024-11-22 13:39:30,999 INFO Task worker status: 
naming_0%16, pending tasks: 0
naming_1%16, pending tasks: 0
naming_2%16, pending tasks: 0
naming_3%16, pending tasks: 0
naming_4%16, pending tasks: 0
naming_5%16, pending tasks: 0
naming_6%16, pending tasks: 0
naming_7%16, pending tasks: 0
naming_8%16, pending tasks: 0
naming_9%16, pending tasks: 0
naming_10%16, pending tasks: 0
naming_11%16, pending tasks: 0
naming_12%16, pending tasks: 0
naming_13%16, pending tasks: 0
naming_14%16, pending tasks: 0
naming_15%16, pending tasks: 0


2024-11-22 13:39:30,999 INFO DISTRO:|0|0|0|

2024-11-22 13:40:31,003 INFO PERFORMANCE:|0|0|0|-1|-1|0|0

2024-11-22 13:40:31,003 INFO Task worker status: 
naming_0%16, pending tasks: 0
naming_1%16, pending tasks: 0
naming_2%16, pending tasks: 0
naming_3%16, pending tasks: 0
naming_4%16, pending tasks: 0
naming_5%16, pending tasks: 0
naming_6%16, pending tasks: 0
naming_7%16, pending tasks: 0
naming_8%16, pending tasks: 0
naming_9%16, pending tasks: 0
naming_10%16, pending tasks: 0
naming_11%16, pending tasks: 0
naming_12%16, pending tasks: 0
naming_13%16, pending tasks: 0
naming_14%16, pending tasks: 0
naming_15%16, pending tasks: 0


2024-11-22 13:40:31,004 INFO DISTRO:|0|0|0|

2024-11-22 13:41:31,006 INFO PERFORMANCE:|0|0|0|-1|-1|0|0

2024-11-22 13:41:31,007 INFO Task worker status: 
naming_0%16, pending tasks: 0
naming_1%16, pending tasks: 0
naming_2%16, pending tasks: 0
naming_3%16, pending tasks: 0
naming_4%16, pending tasks: 0
naming_5%16, pending tasks: 0
naming_6%16, pending tasks: 0
naming_7%16, pending tasks: 0
naming_8%16, pending tasks: 0
naming_9%16, pending tasks: 0
naming_10%16, pending tasks: 0
naming_11%16, pending tasks: 0
naming_12%16, pending tasks: 0
naming_13%16, pending tasks: 0
naming_14%16, pending tasks: 0
naming_15%16, pending tasks: 0


2024-11-22 13:41:31,007 INFO DISTRO:|0|0|0|

2024-11-22 13:42:31,010 INFO PERFORMANCE:|0|0|0|-1|-1|0|0

2024-11-22 13:42:31,011 INFO Task worker status: 
naming_0%16, pending tasks: 0
naming_1%16, pending tasks: 0
naming_2%16, pending tasks: 0
naming_3%16, pending tasks: 0
naming_4%16, pending tasks: 0
naming_5%16, pending tasks: 0
naming_6%16, pending tasks: 0
naming_7%16, pending tasks: 0
naming_8%16, pending tasks: 0
naming_9%16, pending tasks: 0
naming_10%16, pending tasks: 0
naming_11%16, pending tasks: 0
naming_12%16, pending tasks: 0
naming_13%16, pending tasks: 0
naming_14%16, pending tasks: 0
naming_15%16, pending tasks: 0


2024-11-22 13:42:31,012 INFO DISTRO:|0|0|0|

2024-11-22 13:43:25,708 INFO PERFORMANCE:|serviceCount|ipCount|subscribeCount|maxPushCost|avgPushCost|totalPushCount|failPushCount

2024-11-22 13:43:25,709 INFO DISTRO:|V1SyncDone|V1SyncFail|V2SyncDone|V2SyncFail|V2VerifyFail|

2024-11-22 13:43:25,709 INFO PERFORMANCE:|0|0|0|-1|-1|0|0

2024-11-22 13:43:25,712 INFO Task worker status: 
naming_0%16, pending tasks: 0
naming_1%16, pending tasks: 0
naming_2%16, pending tasks: 0
naming_3%16, pending tasks: 0
naming_4%16, pending tasks: 0
naming_5%16, pending tasks: 0
naming_6%16, pending tasks: 0
naming_7%16, pending tasks: 0
naming_8%16, pending tasks: 0
naming_9%16, pending tasks: 0
naming_10%16, pending tasks: 0
naming_11%16, pending tasks: 0
naming_12%16, pending tasks: 0
naming_13%16, pending tasks: 0
naming_14%16, pending tasks: 0
naming_15%16, pending tasks: 0


2024-11-22 13:43:25,714 INFO DISTRO:|0|0|0|

2024-11-22 13:44:25,715 INFO PERFORMANCE:|0|0|0|-1|-1|0|0

2024-11-22 13:44:25,716 INFO Task worker status: 
naming_0%16, pending tasks: 0
naming_1%16, pending tasks: 0
naming_2%16, pending tasks: 0
naming_3%16, pending tasks: 0
naming_4%16, pending tasks: 0
naming_5%16, pending tasks: 0
naming_6%16, pending tasks: 0
naming_7%16, pending tasks: 0
naming_8%16, pending tasks: 0
naming_9%16, pending tasks: 0
naming_10%16, pending tasks: 0
naming_11%16, pending tasks: 0
naming_12%16, pending tasks: 0
naming_13%16, pending tasks: 0
naming_14%16, pending tasks: 0
naming_15%16, pending tasks: 0


2024-11-22 13:44:25,717 INFO DISTRO:|0|0|0|

2024-11-22 13:45:25,717 INFO PERFORMANCE:|0|0|0|-1|-1|0|0

2024-11-22 13:45:25,719 INFO Task worker status: 
naming_0%16, pending tasks: 0
naming_1%16, pending tasks: 0
naming_2%16, pending tasks: 0
naming_3%16, pending tasks: 0
naming_4%16, pending tasks: 0
naming_5%16, pending tasks: 0
naming_6%16, pending tasks: 0
naming_7%16, pending tasks: 0
naming_8%16, pending tasks: 0
naming_9%16, pending tasks: 0
naming_10%16, pending tasks: 0
naming_11%16, pending tasks: 0
naming_12%16, pending tasks: 0
naming_13%16, pending tasks: 0
naming_14%16, pending tasks: 0
naming_15%16, pending tasks: 0


2024-11-22 13:45:25,719 INFO DISTRO:|0|0|0|

2024-11-22 13:46:25,720 INFO PERFORMANCE:|0|0|0|-1|-1|0|0

2024-11-22 13:46:25,721 INFO Task worker status: 
naming_0%16, pending tasks: 0
naming_1%16, pending tasks: 0
naming_2%16, pending tasks: 0
naming_3%16, pending tasks: 0
naming_4%16, pending tasks: 0
naming_5%16, pending tasks: 0
naming_6%16, pending tasks: 0
naming_7%16, pending tasks: 0
naming_8%16, pending tasks: 0
naming_9%16, pending tasks: 0
naming_10%16, pending tasks: 0
naming_11%16, pending tasks: 0
naming_12%16, pending tasks: 0
naming_13%16, pending tasks: 0
naming_14%16, pending tasks: 0
naming_15%16, pending tasks: 0


2024-11-22 13:46:25,721 INFO DISTRO:|0|0|0|

2024-11-22 13:47:25,723 INFO PERFORMANCE:|0|0|0|-1|-1|0|0

2024-11-22 13:47:25,724 INFO Task worker status: 
naming_0%16, pending tasks: 0
naming_1%16, pending tasks: 0
naming_2%16, pending tasks: 0
naming_3%16, pending tasks: 0
naming_4%16, pending tasks: 0
naming_5%16, pending tasks: 0
naming_6%16, pending tasks: 0
naming_7%16, pending tasks: 0
naming_8%16, pending tasks: 0
naming_9%16, pending tasks: 0
naming_10%16, pending tasks: 0
naming_11%16, pending tasks: 0
naming_12%16, pending tasks: 0
naming_13%16, pending tasks: 0
naming_14%16, pending tasks: 0
naming_15%16, pending tasks: 0


2024-11-22 13:47:25,724 INFO DISTRO:|0|0|0|

2024-11-22 13:48:25,726 INFO PERFORMANCE:|0|0|0|-1|-1|0|0

2024-11-22 13:48:25,727 INFO Task worker status: 
naming_0%16, pending tasks: 0
naming_1%16, pending tasks: 0
naming_2%16, pending tasks: 0
naming_3%16, pending tasks: 0
naming_4%16, pending tasks: 0
naming_5%16, pending tasks: 0
naming_6%16, pending tasks: 0
naming_7%16, pending tasks: 0
naming_8%16, pending tasks: 0
naming_9%16, pending tasks: 0
naming_10%16, pending tasks: 0
naming_11%16, pending tasks: 0
naming_12%16, pending tasks: 0
naming_13%16, pending tasks: 0
naming_14%16, pending tasks: 0
naming_15%16, pending tasks: 0


2024-11-22 13:48:25,727 INFO DISTRO:|0|0|0|

2024-11-22 13:49:25,728 INFO PERFORMANCE:|0|0|0|-1|-1|0|0

2024-11-22 13:49:25,728 INFO Task worker status: 
naming_0%16, pending tasks: 0
naming_1%16, pending tasks: 0
naming_2%16, pending tasks: 0
naming_3%16, pending tasks: 0
naming_4%16, pending tasks: 0
naming_5%16, pending tasks: 0
naming_6%16, pending tasks: 0
naming_7%16, pending tasks: 0
naming_8%16, pending tasks: 0
naming_9%16, pending tasks: 0
naming_10%16, pending tasks: 0
naming_11%16, pending tasks: 0
naming_12%16, pending tasks: 0
naming_13%16, pending tasks: 0
naming_14%16, pending tasks: 0
naming_15%16, pending tasks: 0


2024-11-22 13:49:25,729 INFO DISTRO:|0|0|0|

2024-11-22 13:50:25,730 INFO PERFORMANCE:|0|0|0|-1|-1|0|0

2024-11-22 13:50:25,731 INFO Task worker status: 
naming_0%16, pending tasks: 0
naming_1%16, pending tasks: 0
naming_2%16, pending tasks: 0
naming_3%16, pending tasks: 0
naming_4%16, pending tasks: 0
naming_5%16, pending tasks: 0
naming_6%16, pending tasks: 0
naming_7%16, pending tasks: 0
naming_8%16, pending tasks: 0
naming_9%16, pending tasks: 0
naming_10%16, pending tasks: 0
naming_11%16, pending tasks: 0
naming_12%16, pending tasks: 0
naming_13%16, pending tasks: 0
naming_14%16, pending tasks: 0
naming_15%16, pending tasks: 0


2024-11-22 13:50:25,731 INFO DISTRO:|0|0|0|

2024-11-22 13:51:25,733 INFO PERFORMANCE:|0|0|0|-1|-1|0|0

2024-11-22 13:51:25,734 INFO Task worker status: 
naming_0%16, pending tasks: 0
naming_1%16, pending tasks: 0
naming_2%16, pending tasks: 0
naming_3%16, pending tasks: 0
naming_4%16, pending tasks: 0
naming_5%16, pending tasks: 0
naming_6%16, pending tasks: 0
naming_7%16, pending tasks: 0
naming_8%16, pending tasks: 0
naming_9%16, pending tasks: 0
naming_10%16, pending tasks: 0
naming_11%16, pending tasks: 0
naming_12%16, pending tasks: 0
naming_13%16, pending tasks: 0
naming_14%16, pending tasks: 0
naming_15%16, pending tasks: 0


2024-11-22 13:51:25,734 INFO DISTRO:|0|0|0|

2024-11-22 13:52:25,736 INFO PERFORMANCE:|0|0|0|-1|-1|0|0

2024-11-22 13:52:25,737 INFO Task worker status: 
naming_0%16, pending tasks: 0
naming_1%16, pending tasks: 0
naming_2%16, pending tasks: 0
naming_3%16, pending tasks: 0
naming_4%16, pending tasks: 0
naming_5%16, pending tasks: 0
naming_6%16, pending tasks: 0
naming_7%16, pending tasks: 0
naming_8%16, pending tasks: 0
naming_9%16, pending tasks: 0
naming_10%16, pending tasks: 0
naming_11%16, pending tasks: 0
naming_12%16, pending tasks: 0
naming_13%16, pending tasks: 0
naming_14%16, pending tasks: 0
naming_15%16, pending tasks: 0


2024-11-22 13:52:25,738 INFO DISTRO:|0|0|0|

