2024-11-22 13:31:45,669 INFO Initializes the Raft protocol, raft-config info : {"data":{},"members":["f43555539026:7848"],"strictMode":false,"selfMember":"f43555539026:7848"}

2024-11-22 13:31:45,807 INFO ========= The raft protocol is starting... =========

2024-11-22 13:31:45,818 INFO ========= The raft protocol start finished... =========

2024-11-22 13:31:45,820 INFO create raft group : naming_persistent_service

2024-11-22 13:31:46,007 INFO This Raft event changes : RaftEvent{groupId='naming_persistent_service', leader='f43555539026:7848', term=1, raftClusterInfo=[f43555539026:7848]}

2024-11-22 13:31:46,033 INFO create raft group : naming_persistent_service_v2

2024-11-22 13:31:46,071 INFO This Raft event changes : RaftEvent{groupId='naming_persistent_service_v2', leader='f43555539026:7848', term=1, raftClusterInfo=[f43555539026:7848]}

2024-11-22 13:31:46,072 INFO create raft group : naming_instance_metadata

2024-11-22 13:31:46,109 INFO create raft group : naming_service_metadata

2024-11-22 13:31:46,212 INFO This Raft event changes : RaftEvent{groupId='naming_instance_metadata', leader='f43555539026:7848', term=1, raftClusterInfo=[f43555539026:7848]}

2024-11-22 13:31:46,223 INFO This Raft event changes : RaftEvent{groupId='naming_service_metadata', leader='f43555539026:7848', term=1, raftClusterInfo=[f43555539026:7848]}

2024-11-22 13:33:37,585 INFO shutdown jraft server

2024-11-22 13:33:37,585 INFO ========= The raft protocol is starting to close =========

2024-11-22 13:33:37,617 INFO ========= The raft protocol has been closed =========

2024-11-22 13:34:00,606 INFO Initializes the Raft protocol, raft-config info : {"data":{},"members":["68c96609d943:7848"],"strictMode":false,"selfMember":"68c96609d943:7848"}

2024-11-22 13:34:00,761 INFO ========= The raft protocol is starting... =========

2024-11-22 13:34:00,773 INFO ========= The raft protocol start finished... =========

2024-11-22 13:34:00,774 INFO create raft group : naming_persistent_service

2024-11-22 13:34:00,948 INFO This Raft event changes : RaftEvent{groupId='naming_persistent_service', leader='68c96609d943:7848', term=1, raftClusterInfo=[68c96609d943:7848]}

2024-11-22 13:34:00,983 INFO create raft group : naming_persistent_service_v2

2024-11-22 13:34:01,020 INFO This Raft event changes : RaftEvent{groupId='naming_persistent_service_v2', leader='68c96609d943:7848', term=1, raftClusterInfo=[68c96609d943:7848]}

2024-11-22 13:34:01,023 INFO create raft group : naming_instance_metadata

2024-11-22 13:34:01,054 INFO create raft group : naming_service_metadata

2024-11-22 13:34:01,101 INFO This Raft event changes : RaftEvent{groupId='naming_instance_metadata', leader='68c96609d943:7848', term=1, raftClusterInfo=[68c96609d943:7848]}

2024-11-22 13:34:01,157 INFO This Raft event changes : RaftEvent{groupId='naming_service_metadata', leader='68c96609d943:7848', term=1, raftClusterInfo=[68c96609d943:7848]}

2024-11-22 13:42:50,190 INFO shutdown jraft server

2024-11-22 13:42:50,190 INFO ========= The raft protocol is starting to close =========

2024-11-22 13:42:50,219 INFO ========= The raft protocol has been closed =========

2024-11-22 13:42:55,404 INFO Initializes the Raft protocol, raft-config info : {"data":{},"members":["79636e863352:7848"],"strictMode":false,"selfMember":"79636e863352:7848"}

2024-11-22 13:42:55,512 INFO ========= The raft protocol is starting... =========

2024-11-22 13:42:55,522 INFO ========= The raft protocol start finished... =========

2024-11-22 13:42:55,524 INFO create raft group : naming_persistent_service

2024-11-22 13:42:55,690 INFO This Raft event changes : RaftEvent{groupId='naming_persistent_service', leader='79636e863352:7848', term=1, raftClusterInfo=[79636e863352:7848]}

2024-11-22 13:42:55,718 INFO create raft group : naming_persistent_service_v2

2024-11-22 13:42:55,768 INFO This Raft event changes : RaftEvent{groupId='naming_persistent_service_v2', leader='79636e863352:7848', term=1, raftClusterInfo=[79636e863352:7848]}

2024-11-22 13:42:55,776 INFO create raft group : naming_instance_metadata

2024-11-22 13:42:55,811 INFO create raft group : naming_service_metadata

2024-11-22 13:42:55,813 INFO This Raft event changes : RaftEvent{groupId='naming_instance_metadata', leader='79636e863352:7848', term=1, raftClusterInfo=[79636e863352:7848]}

2024-11-22 13:42:55,840 INFO This Raft event changes : RaftEvent{groupId='naming_service_metadata', leader='79636e863352:7848', term=1, raftClusterInfo=[79636e863352:7848]}

