2024-11-22 11:38:06,092 INFO [ClientConnectionEventListenerRegistry] registry listener - ConnectionBasedClientManager

2024-11-22 11:38:09,315 INFO [ClientConnectionEventListenerRegistry] registry listener - ConnectionBasedClientManager

2024-11-22 11:38:12,310 INFO [ClientConnectionEventListenerRegistry] registry listener - ConnectionBasedClientManager

2024-11-22 11:38:15,462 INFO [ClientConnectionEventListenerRegistry] registry listener - ConnectionBasedClientManager

2024-11-22 11:38:19,065 INFO [ClientConnectionEventListenerRegistry] registry listener - ConnectionBasedClientManager

2024-11-22 11:38:23,598 INFO [ClientConnectionEventListenerRegistry] registry listener - ConnectionBasedClientManager

2024-11-22 11:38:29,701 INFO [ClientConnectionEventListenerRegistry] registry listener - ConnectionBasedClientManager

2024-11-22 11:38:38,886 INFO [ClientConnectionEventListenerRegistry] registry listener - ConnectionBasedClientManager

2024-11-22 11:38:54,521 INFO [ClientConnectionEventListenerRegistry] registry listener - ConnectionBasedClientManager

2024-11-22 11:39:23,367 INFO [ClientConnectionEventListenerRegistry] registry listener - ConnectionBasedClientManager

2024-11-22 11:40:17,641 INFO [ClientConnectionEventListenerRegistry] registry listener - ConnectionBasedClientManager

2024-11-22 11:41:20,474 INFO [ClientConnectionEventListenerRegistry] registry listener - ConnectionBasedClientManager

2024-11-22 11:42:23,849 INFO [ClientConnectionEventListenerRegistry] registry listener - ConnectionBasedClientManager

2024-11-22 11:43:39,847 INFO [ClientConnectionEventListenerRegistry] registry listener - ConnectionBasedClientManager

2024-11-22 11:43:42,714 INFO [ClientConnectionEventListenerRegistry] registry listener - ConnectionBasedClientManager

2024-11-22 11:43:45,682 INFO [ClientConnectionEventListenerRegistry] registry listener - ConnectionBasedClientManager

2024-11-22 11:43:48,874 INFO [ClientConnectionEventListenerRegistry] registry listener - ConnectionBasedClientManager

2024-11-22 11:43:52,462 INFO [ClientConnectionEventListenerRegistry] registry listener - ConnectionBasedClientManager

2024-11-22 11:43:56,860 INFO [ClientConnectionEventListenerRegistry] registry listener - ConnectionBasedClientManager

2024-11-22 11:44:02,845 INFO [ClientConnectionEventListenerRegistry] registry listener - ConnectionBasedClientManager

2024-11-22 11:44:12,019 INFO [ClientConnectionEventListenerRegistry] registry listener - ConnectionBasedClientManager

2024-11-22 11:44:27,675 INFO [ClientConnectionEventListenerRegistry] registry listener - ConnectionBasedClientManager

2024-11-22 11:44:56,202 INFO [ClientConnectionEventListenerRegistry] registry listener - ConnectionBasedClientManager

2024-11-22 11:45:50,504 INFO [ClientConnectionEventListenerRegistry] registry listener - ConnectionBasedClientManager

2024-11-22 11:46:53,857 INFO [ClientConnectionEventListenerRegistry] registry listener - ConnectionBasedClientManager

2024-11-22 11:47:56,902 INFO [ClientConnectionEventListenerRegistry] registry listener - ConnectionBasedClientManager

2024-11-22 11:48:44,972 INFO [ClientConnectionEventListenerRegistry] registry listener - ConnectionBasedClientManager

2024-11-22 11:48:52,686 INFO [ClientConnectionEventListenerRegistry] registry listener - ConnectionBasedClientManager

2024-11-22 11:49:00,675 INFO [ClientConnectionEventListenerRegistry] registry listener - ConnectionBasedClientManager

2024-11-22 11:49:08,870 INFO [ClientConnectionEventListenerRegistry] registry listener - ConnectionBasedClientManager

2024-11-22 11:49:42,785 INFO [ClientConnectionEventListenerRegistry] registry listener - ConnectionBasedClientManager

2024-11-22 11:49:45,703 INFO [ClientConnectionEventListenerRegistry] registry listener - ConnectionBasedClientManager

2024-11-22 11:49:48,673 INFO [ClientConnectionEventListenerRegistry] registry listener - ConnectionBasedClientManager

2024-11-22 11:49:51,820 INFO [ClientConnectionEventListenerRegistry] registry listener - ConnectionBasedClientManager

2024-11-22 11:49:55,488 INFO [ClientConnectionEventListenerRegistry] registry listener - ConnectionBasedClientManager

2024-11-22 11:49:59,892 INFO [ClientConnectionEventListenerRegistry] registry listener - ConnectionBasedClientManager

2024-11-22 11:50:05,994 INFO [ClientConnectionEventListenerRegistry] registry listener - ConnectionBasedClientManager

2024-11-22 11:50:15,222 INFO [ClientConnectionEventListenerRegistry] registry listener - ConnectionBasedClientManager

2024-11-22 11:50:30,882 INFO [ClientConnectionEventListenerRegistry] registry listener - ConnectionBasedClientManager

2024-11-22 11:50:59,349 INFO [ClientConnectionEventListenerRegistry] registry listener - ConnectionBasedClientManager

2024-11-22 11:51:53,433 INFO [ClientConnectionEventListenerRegistry] registry listener - ConnectionBasedClientManager

2024-11-22 11:52:56,595 INFO [ClientConnectionEventListenerRegistry] registry listener - ConnectionBasedClientManager

2024-11-22 11:53:59,485 INFO [ClientConnectionEventListenerRegistry] registry listener - ConnectionBasedClientManager

2024-11-22 11:54:55,886 INFO [ClientConnectionEventListenerRegistry] registry listener - ConnectionBasedClientManager

2024-11-22 11:55:08,159 INFO [ClientConnectionEventListenerRegistry] registry listener - ConnectionBasedClientManager

2024-11-22 11:55:11,177 INFO [ClientConnectionEventListenerRegistry] registry listener - ConnectionBasedClientManager

2024-11-22 11:55:14,298 INFO [ClientConnectionEventListenerRegistry] registry listener - ConnectionBasedClientManager

2024-11-22 11:55:17,493 INFO [ClientConnectionEventListenerRegistry] registry listener - ConnectionBasedClientManager

2024-11-22 11:55:21,133 INFO [ClientConnectionEventListenerRegistry] registry listener - ConnectionBasedClientManager

2024-11-22 11:55:25,540 INFO [ClientConnectionEventListenerRegistry] registry listener - ConnectionBasedClientManager

2024-11-22 11:55:31,533 INFO [ClientConnectionEventListenerRegistry] registry listener - ConnectionBasedClientManager

2024-11-22 11:55:40,933 INFO [ClientConnectionEventListenerRegistry] registry listener - ConnectionBasedClientManager

2024-11-22 11:55:52,711 INFO [ClientConnectionEventListenerRegistry] registry listener - ConnectionBasedClientManager

2024-11-22 11:55:55,775 INFO [ClientConnectionEventListenerRegistry] registry listener - ConnectionBasedClientManager

2024-11-22 11:55:58,767 INFO [ClientConnectionEventListenerRegistry] registry listener - ConnectionBasedClientManager

2024-11-22 11:56:10,505 INFO [ClientConnectionEventListenerRegistry] registry listener - ConnectionBasedClientManager

2024-11-22 11:56:13,574 INFO [ClientConnectionEventListenerRegistry] registry listener - ConnectionBasedClientManager

2024-11-22 11:56:16,763 INFO [ClientConnectionEventListenerRegistry] registry listener - ConnectionBasedClientManager

2024-11-22 11:56:19,955 INFO [ClientConnectionEventListenerRegistry] registry listener - ConnectionBasedClientManager

2024-11-22 11:56:23,639 INFO [ClientConnectionEventListenerRegistry] registry listener - ConnectionBasedClientManager

2024-11-22 11:56:28,052 INFO [ClientConnectionEventListenerRegistry] registry listener - ConnectionBasedClientManager

2024-11-22 11:56:34,154 INFO [ClientConnectionEventListenerRegistry] registry listener - ConnectionBasedClientManager

2024-11-22 11:56:43,468 INFO [ClientConnectionEventListenerRegistry] registry listener - ConnectionBasedClientManager

2024-11-22 11:56:59,133 INFO [ClientConnectionEventListenerRegistry] registry listener - ConnectionBasedClientManager

2024-11-22 11:57:27,541 INFO [ClientConnectionEventListenerRegistry] registry listener - ConnectionBasedClientManager

2024-11-22 11:58:11,037 INFO [ClientConnectionEventListenerRegistry] registry listener - ConnectionBasedClientManager

2024-11-22 11:58:23,245 INFO [ClientConnectionEventListenerRegistry] registry listener - ConnectionBasedClientManager

2024-11-22 11:58:26,129 INFO [ClientConnectionEventListenerRegistry] registry listener - ConnectionBasedClientManager

2024-11-22 11:58:29,176 INFO [ClientConnectionEventListenerRegistry] registry listener - ConnectionBasedClientManager

2024-11-22 11:58:32,498 INFO [ClientConnectionEventListenerRegistry] registry listener - ConnectionBasedClientManager

2024-11-22 11:58:36,143 INFO [ClientConnectionEventListenerRegistry] registry listener - ConnectionBasedClientManager

2024-11-22 11:58:40,681 INFO [ClientConnectionEventListenerRegistry] registry listener - ConnectionBasedClientManager

2024-11-22 11:58:46,802 INFO [ClientConnectionEventListenerRegistry] registry listener - ConnectionBasedClientManager

2024-11-22 11:58:56,112 INFO [ClientConnectionEventListenerRegistry] registry listener - ConnectionBasedClientManager

2024-11-22 11:59:11,908 INFO [ClientConnectionEventListenerRegistry] registry listener - ConnectionBasedClientManager

2024-11-22 11:59:40,322 INFO [ClientConnectionEventListenerRegistry] registry listener - ConnectionBasedClientManager

2024-11-22 12:03:21,696 INFO [ClientConnectionEventListenerRegistry] registry listener - ConnectionBasedClientManager

2024-11-22 12:03:24,639 INFO [ClientConnectionEventListenerRegistry] registry listener - ConnectionBasedClientManager

2024-11-22 12:03:27,599 INFO [ClientConnectionEventListenerRegistry] registry listener - ConnectionBasedClientManager

2024-11-22 12:03:30,903 INFO [ClientConnectionEventListenerRegistry] registry listener - ConnectionBasedClientManager

2024-11-22 12:03:34,583 INFO [ClientConnectionEventListenerRegistry] registry listener - ConnectionBasedClientManager

2024-11-22 12:03:39,078 INFO [ClientConnectionEventListenerRegistry] registry listener - ConnectionBasedClientManager

2024-11-22 12:03:45,104 INFO [ClientConnectionEventListenerRegistry] registry listener - ConnectionBasedClientManager

2024-11-22 12:03:54,408 INFO [ClientConnectionEventListenerRegistry] registry listener - ConnectionBasedClientManager

2024-11-22 12:04:10,181 INFO [ClientConnectionEventListenerRegistry] registry listener - ConnectionBasedClientManager

2024-11-22 12:04:38,693 INFO [ClientConnectionEventListenerRegistry] registry listener - ConnectionBasedClientManager

2024-11-22 12:05:32,748 INFO [ClientConnectionEventListenerRegistry] registry listener - ConnectionBasedClientManager

2024-11-22 12:06:35,656 INFO [ClientConnectionEventListenerRegistry] registry listener - ConnectionBasedClientManager

2024-11-22 12:07:38,543 INFO [ClientConnectionEventListenerRegistry] registry listener - ConnectionBasedClientManager

2024-11-22 12:08:41,443 INFO [ClientConnectionEventListenerRegistry] registry listener - ConnectionBasedClientManager

2024-11-22 12:20:36,179 INFO [ClientConnectionEventListenerRegistry] registry listener - ConnectionBasedClientManager

2024-11-22 12:21:39,027 INFO [ClientConnectionEventListenerRegistry] registry listener - ConnectionBasedClientManager

2024-11-22 12:22:41,849 INFO [ClientConnectionEventListenerRegistry] registry listener - ConnectionBasedClientManager

2024-11-22 12:23:44,697 INFO [ClientConnectionEventListenerRegistry] registry listener - ConnectionBasedClientManager

2024-11-22 12:24:47,550 INFO [ClientConnectionEventListenerRegistry] registry listener - ConnectionBasedClientManager

2024-11-22 12:25:50,480 INFO [ClientConnectionEventListenerRegistry] registry listener - ConnectionBasedClientManager

2024-11-22 12:26:53,611 INFO [ClientConnectionEventListenerRegistry] registry listener - ConnectionBasedClientManager

2024-11-22 12:27:56,549 INFO [ClientConnectionEventListenerRegistry] registry listener - ConnectionBasedClientManager

2024-11-22 13:31:44,884 INFO [ClientConnectionEventListenerRegistry] registry listener - ConnectionBasedClientManager

2024-11-22 13:31:45,471 INFO [ClientConnectionEventListenerRegistry] registry listener - ConfigConnectionEventListener

2024-11-22 13:31:45,484 INFO Nacos GrpcSdkServer Rpc server starting at port 9848

2024-11-22 13:31:45,574 INFO Load ProtocolNegotiatorBuilder com.alibaba.nacos.core.remote.grpc.negotiator.tls.SdkDefaultTlsProtocolNegotiatorBuilder for type DEFAULT_TLS

2024-11-22 13:31:45,575 INFO Load ProtocolNegotiatorBuilder com.alibaba.nacos.core.remote.grpc.negotiator.tls.ClusterDefaultTlsProtocolNegotiatorBuilder for type CLUSTER_DEFAULT_TLS

2024-11-22 13:31:45,575 WARN Not found ProtocolNegotiatorBuilder for type nacos.remote.server.rpc.protocol.negotiator.type, will use default type nacos.remote.server.rpc.protocol.negotiator.type

2024-11-22 13:31:45,576 WARN Recommended use 'nacos.remote.server.grpc.sdk.max-inbound-message-size' property instead 'nacos.remote.server.grpc.maxinbound.message.size', now property value is 10485760

2024-11-22 13:31:45,630 INFO Ssl Context auto refresh is not supported.

2024-11-22 13:31:45,630 INFO Ssl Context auto refresh is not supported.

2024-11-22 13:31:45,630 INFO RpcServerSslContextRefresher initialization completed.

2024-11-22 13:31:45,630 INFO Nacos GrpcSdkServer Rpc server started at port 9848

2024-11-22 13:31:45,632 INFO Nacos GrpcClusterServer Rpc server starting at port 9849

2024-11-22 13:31:45,633 WARN Not found ProtocolNegotiatorBuilder for type nacos.remote.cluster.server.rpc.protocol.negotiator.type, will use default type nacos.remote.cluster.server.rpc.protocol.negotiator.type

2024-11-22 13:31:45,633 WARN Recommended use 'nacos.remote.server.grpc.cluster.max-inbound-message-size' property instead 'nacos.remote.server.grpc.maxinbound.message.size', now property value is 10485760

2024-11-22 13:31:45,634 INFO Nacos GrpcClusterServer Rpc server started at port 9849

2024-11-22 13:31:45,647 INFO [ClientConnectionEventListenerRegistry] registry listener - RpcAckCallbackInitorOrCleaner

2024-11-22 13:33:37,555 INFO Nacos GrpcClusterServer Rpc server stopping

2024-11-22 13:33:37,556 INFO Nacos GrpcSdkServer Rpc server stopping

2024-11-22 13:33:37,561 INFO Nacos GrpcSdkServer Rpc server stopped successfully...

2024-11-22 13:33:37,561 INFO Nacos GrpcClusterServer Rpc server stopped successfully...

2024-11-22 13:33:59,764 INFO [ClientConnectionEventListenerRegistry] registry listener - ConnectionBasedClientManager

2024-11-22 13:34:00,362 INFO [ClientConnectionEventListenerRegistry] registry listener - ConfigConnectionEventListener

2024-11-22 13:34:00,379 INFO Nacos GrpcSdkServer Rpc server starting at port 9848

2024-11-22 13:34:00,505 INFO Load ProtocolNegotiatorBuilder com.alibaba.nacos.core.remote.grpc.negotiator.tls.SdkDefaultTlsProtocolNegotiatorBuilder for type DEFAULT_TLS

2024-11-22 13:34:00,506 INFO Load ProtocolNegotiatorBuilder com.alibaba.nacos.core.remote.grpc.negotiator.tls.ClusterDefaultTlsProtocolNegotiatorBuilder for type CLUSTER_DEFAULT_TLS

2024-11-22 13:34:00,506 WARN Not found ProtocolNegotiatorBuilder for type nacos.remote.server.rpc.protocol.negotiator.type, will use default type nacos.remote.server.rpc.protocol.negotiator.type

2024-11-22 13:34:00,507 WARN Recommended use 'nacos.remote.server.grpc.sdk.max-inbound-message-size' property instead 'nacos.remote.server.grpc.maxinbound.message.size', now property value is 10485760

2024-11-22 13:34:00,562 INFO Ssl Context auto refresh is not supported.

2024-11-22 13:34:00,563 INFO Ssl Context auto refresh is not supported.

2024-11-22 13:34:00,563 INFO RpcServerSslContextRefresher initialization completed.

2024-11-22 13:34:00,563 INFO Nacos GrpcSdkServer Rpc server started at port 9848

2024-11-22 13:34:00,564 INFO Nacos GrpcClusterServer Rpc server starting at port 9849

2024-11-22 13:34:00,565 WARN Not found ProtocolNegotiatorBuilder for type nacos.remote.cluster.server.rpc.protocol.negotiator.type, will use default type nacos.remote.cluster.server.rpc.protocol.negotiator.type

2024-11-22 13:34:00,565 WARN Recommended use 'nacos.remote.server.grpc.cluster.max-inbound-message-size' property instead 'nacos.remote.server.grpc.maxinbound.message.size', now property value is 10485760

2024-11-22 13:34:00,566 INFO Nacos GrpcClusterServer Rpc server started at port 9849

2024-11-22 13:34:00,583 INFO [ClientConnectionEventListenerRegistry] registry listener - RpcAckCallbackInitorOrCleaner

2024-11-22 13:42:50,154 INFO Nacos GrpcClusterServer Rpc server stopping

2024-11-22 13:42:50,155 INFO Nacos GrpcSdkServer Rpc server stopping

2024-11-22 13:42:50,163 INFO Nacos GrpcClusterServer Rpc server stopped successfully...

2024-11-22 13:42:50,163 INFO Nacos GrpcSdkServer Rpc server stopped successfully...

2024-11-22 13:42:54,498 INFO [ClientConnectionEventListenerRegistry] registry listener - ConnectionBasedClientManager

2024-11-22 13:42:55,153 INFO [ClientConnectionEventListenerRegistry] registry listener - ConfigConnectionEventListener

2024-11-22 13:42:55,167 INFO Nacos GrpcSdkServer Rpc server starting at port 9848

2024-11-22 13:42:55,256 INFO Load ProtocolNegotiatorBuilder com.alibaba.nacos.core.remote.grpc.negotiator.tls.SdkDefaultTlsProtocolNegotiatorBuilder for type DEFAULT_TLS

2024-11-22 13:42:55,257 INFO Load ProtocolNegotiatorBuilder com.alibaba.nacos.core.remote.grpc.negotiator.tls.ClusterDefaultTlsProtocolNegotiatorBuilder for type CLUSTER_DEFAULT_TLS

2024-11-22 13:42:55,257 WARN Not found ProtocolNegotiatorBuilder for type nacos.remote.server.rpc.protocol.negotiator.type, will use default type nacos.remote.server.rpc.protocol.negotiator.type

2024-11-22 13:42:55,258 WARN Recommended use 'nacos.remote.server.grpc.sdk.max-inbound-message-size' property instead 'nacos.remote.server.grpc.maxinbound.message.size', now property value is 10485760

2024-11-22 13:42:55,365 INFO Ssl Context auto refresh is not supported.

2024-11-22 13:42:55,365 INFO Ssl Context auto refresh is not supported.

2024-11-22 13:42:55,365 INFO RpcServerSslContextRefresher initialization completed.

2024-11-22 13:42:55,365 INFO Nacos GrpcSdkServer Rpc server started at port 9848

2024-11-22 13:42:55,367 INFO Nacos GrpcClusterServer Rpc server starting at port 9849

2024-11-22 13:42:55,368 WARN Not found ProtocolNegotiatorBuilder for type nacos.remote.cluster.server.rpc.protocol.negotiator.type, will use default type nacos.remote.cluster.server.rpc.protocol.negotiator.type

2024-11-22 13:42:55,368 WARN Recommended use 'nacos.remote.server.grpc.cluster.max-inbound-message-size' property instead 'nacos.remote.server.grpc.maxinbound.message.size', now property value is 10485760

2024-11-22 13:42:55,369 INFO Nacos GrpcClusterServer Rpc server started at port 9849

2024-11-22 13:42:55,383 INFO [ClientConnectionEventListenerRegistry] registry listener - RpcAckCallbackInitorOrCleaner

